Build started 6/9/2016 2:38:59 AM.
     1>Project "C:\Users\Saurabh\Documents\Visual Studio 2013\Projects\ConsoleApplication2\ConsoleApplication2\ConsoleApplication2.vcxproj" on node 2 (Build target(s)).
     1>C:\Program Files (x86)\MSBuild\Microsoft.Cpp\v4.0\V120\Microsoft.CppBuild.targets(388,5): warning MSB8028: The intermediate directory (Release\) contains files shared from another project (marbellous.vcxproj).  This can lead to incorrect clean and rebuild behavior.
     1>ClCompile:
         C:\Program Files (x86)\Microsoft Visual Studio 12.0\VC\bin\CL.exe /c /I"C:\SFML-2.3\include\\" /Zi /nologo /W3 /WX- /sdl /O2 /Oi /Oy- /GL /D SFML_STATIC /D WIN32 /D NDEBUG /D _CONSOLE /D _LIB /D _UNICODE /D UNICODE /Gm- /EHsc /MD /GS /Gy /fp:precise /Zc:wchar_t /Zc:forScope /Fo"Release\\" /Fd"Release\vc120.pdb" /Gd /TP /analyze- /errorReport:prompt Game.cpp
         Game.cpp
     1>Game.cpp(36): warning C4244: '=' : conversion from 'int' to 'float', possible loss of data
     1>Game.cpp(37): warning C4244: '=' : conversion from 'int' to 'float', possible loss of data
     1>Game.cpp(38): warning C4244: '=' : conversion from 'int' to 'float', possible loss of data
     1>Game.cpp(39): warning C4244: '=' : conversion from 'int' to 'float', possible loss of data
     1>Game.cpp(166): warning C4244: 'argument' : conversion from 'int' to 'float', possible loss of data
     1>Game.cpp(347): warning C4244: 'argument' : conversion from 'int' to 'float', possible loss of data
     1>Game.cpp(403): warning C4244: 'argument' : conversion from 'int' to 'float', possible loss of data
     1>Game.cpp(410): warning C4244: 'argument' : conversion from 'int' to 'float', possible loss of data
     1>Game.cpp(419): warning C4244: 'argument' : conversion from 'int' to 'float', possible loss of data
     1>Game.cpp(516): warning C4018: '<' : signed/unsigned mismatch
       Link:
         C:\Program Files (x86)\Microsoft Visual Studio 12.0\VC\bin\link.exe /ERRORREPORT:PROMPT /OUT:"C:\Users\Saurabh\Documents\Visual Studio 2013\Projects\ConsoleApplication2\Release\ConsoleApplication2.exe" /INCREMENTAL:NO /NOLOGO /LIBPATH:"C:\SFML-2.3\lib\\" "sfml-system-s.lib" "sfml-window-s.lib" "sfml-graphics-s.lib" "sfml-audio-s.lib" opengl32.lib freetype.lib jpeg.lib winmm.lib gdi32.lib openal32.lib flac.lib vorbisenc.lib vorbisfile.lib vorbis.lib ogg.lib kernel32.lib user32.lib gdi32.lib winspool.lib comdlg32.lib advapi32.lib shell32.lib ole32.lib oleaut32.lib uuid.lib odbc32.lib odbccp32.lib /MANIFEST /MANIFESTUAC:"level='asInvoker' uiAccess='false'" /manifest:embed /DEBUG /PDB:"C:\Users\Saurabh\Documents\Visual Studio 2013\Projects\ConsoleApplication2\Release\ConsoleApplication2.pdb" /SUBSYSTEM:WINDOWS /OPT:REF /OPT:ICF /LTCG /TLBID:1 /ENTRY:"mainCRTStartup" /DYNAMICBASE /NXCOMPAT /IMPLIB:"C:\Users\Saurabh\Documents\Visual Studio 2013\Projects\ConsoleApplication2\Release\ConsoleApplication2.lib" /MACHINE:X86 /SAFESEH Release\Game.obj
         Release\Menu.obj
         Release\levels.obj
         Release\player.obj
         Generating code
         Finished generating code
         ConsoleApplication2.vcxproj -> C:\Users\Saurabh\Documents\Visual Studio 2013\Projects\ConsoleApplication2\Release\ConsoleApplication2.exe
     1>Done Building Project "C:\Users\Saurabh\Documents\Visual Studio 2013\Projects\ConsoleApplication2\ConsoleApplication2\ConsoleApplication2.vcxproj" (Build target(s)).

Build succeeded.

Time Elapsed 00:00:02.37
