Build started 6/9/2016 2:39:32 AM.
     1>Project "C:\Users\Saurabh\Documents\Visual Studio 2013\Projects\ConsoleApplication2\ConsoleApplication2\ConsoleApplication2.vcxproj" on node 2 (Build target(s)).
     1>C:\Program Files (x86)\MSBuild\Microsoft.Cpp\v4.0\V120\Microsoft.CppBuild.targets(388,5): warning MSB8028: The intermediate directory (Debug\) contains files shared from another project (marbellous.vcxproj).  This can lead to incorrect clean and rebuild behavior.
     1>ClCompile:
         C:\Program Files (x86)\Microsoft Visual Studio 12.0\VC\bin\CL.exe /c /I"C:\SFML-2.3\include\\" /ZI /nologo /W3 /WX- /sdl /Od /Oy- /D WIN32 /D _DEBUG /D _CONSOLE /D _LIB /D _UNICODE /D UNICODE /Gm /EHsc /RTC1 /MDd /GS /fp:precise /Zc:wchar_t /Zc:forScope /Fo"Debug\\" /Fd"Debug\vc120.pdb" /Gd /TP /analyze- /errorReport:prompt Game.cpp Menu.cpp
         Menu.cpp
         Game.cpp
     1>c:\users\saurabh\documents\visual studio 2013\projects\consoleapplication2\consoleapplication2\game.cpp(36): warning C4244: '=' : conversion from 'int' to 'float', possible loss of data
     1>c:\users\saurabh\documents\visual studio 2013\projects\consoleapplication2\consoleapplication2\game.cpp(37): warning C4244: '=' : conversion from 'int' to 'float', possible loss of data
     1>c:\users\saurabh\documents\visual studio 2013\projects\consoleapplication2\consoleapplication2\game.cpp(38): warning C4244: '=' : conversion from 'int' to 'float', possible loss of data
     1>c:\users\saurabh\documents\visual studio 2013\projects\consoleapplication2\consoleapplication2\game.cpp(39): warning C4244: '=' : conversion from 'int' to 'float', possible loss of data
     1>c:\users\saurabh\documents\visual studio 2013\projects\consoleapplication2\consoleapplication2\game.cpp(166): warning C4244: 'argument' : conversion from 'int' to 'float', possible loss of data
     1>c:\users\saurabh\documents\visual studio 2013\projects\consoleapplication2\consoleapplication2\game.cpp(347): warning C4244: 'argument' : conversion from 'int' to 'float', possible loss of data
     1>c:\users\saurabh\documents\visual studio 2013\projects\consoleapplication2\consoleapplication2\game.cpp(403): warning C4244: 'argument' : conversion from 'int' to 'float', possible loss of data
     1>c:\users\saurabh\documents\visual studio 2013\projects\consoleapplication2\consoleapplication2\game.cpp(410): warning C4244: 'argument' : conversion from 'int' to 'float', possible loss of data
     1>c:\users\saurabh\documents\visual studio 2013\projects\consoleapplication2\consoleapplication2\game.cpp(419): warning C4244: 'argument' : conversion from 'int' to 'float', possible loss of data
     1>c:\users\saurabh\documents\visual studio 2013\projects\consoleapplication2\consoleapplication2\game.cpp(516): warning C4018: '<' : signed/unsigned mismatch
         Generating Code...
       Link:
         C:\Program Files (x86)\Microsoft Visual Studio 12.0\VC\bin\link.exe /ERRORREPORT:PROMPT /OUT:"C:\Users\Saurabh\Documents\Visual Studio 2013\Projects\ConsoleApplication2\Debug\ConsoleApplication2.exe" /INCREMENTAL /NOLOGO /LIBPATH:"C:\SFML-2.3\lib\\" "sfml-audio-d.lib" "sfml-graphics-d.lib" "sfml-system-d.lib" "sfml-window-d.lib" kernel32.lib user32.lib gdi32.lib winspool.lib comdlg32.lib advapi32.lib shell32.lib ole32.lib oleaut32.lib uuid.lib odbc32.lib odbccp32.lib /MANIFEST /MANIFESTUAC:"level='asInvoker' uiAccess='false'" /manifest:embed /DEBUG /PDB:"C:\Users\Saurabh\Documents\Visual Studio 2013\Projects\ConsoleApplication2\Debug\ConsoleApplication2.pdb" /SUBSYSTEM:CONSOLE /TLBID:1 /DYNAMICBASE /NXCOMPAT /IMPLIB:"C:\Users\Saurabh\Documents\Visual Studio 2013\Projects\ConsoleApplication2\Debug\ConsoleApplication2.lib" /MACHINE:X86 Debug\Game.obj
         Debug\Menu.obj
         Debug\levels.obj
         Debug\player.obj
         ConsoleApplication2.vcxproj -> C:\Users\Saurabh\Documents\Visual Studio 2013\Projects\ConsoleApplication2\Debug\ConsoleApplication2.exe
     1>Done Building Project "C:\Users\Saurabh\Documents\Visual Studio 2013\Projects\ConsoleApplication2\ConsoleApplication2\ConsoleApplication2.vcxproj" (Build target(s)).

Build succeeded.

Time Elapsed 00:00:02.50
